<?xml version="1.0" encoding="UTF-8"?>
<robot generator="Robot 3.2.2 (Python 3.9.1 on win32)" generated="20210113 09:23:03.644" rpa="false">
<suite id="s1" name="Tests" source="C:\Users\vitor\Desktop\Teste\SuiteSiteTestePractice\tests">
<suite id="s1-s1" name="loginBDD" source="C:\Users\vitor\Desktop\Teste\SuiteSiteTestePractice\tests\loginBDD.robot">
<test id="s1-s1-t1" name="Cenário 01: Realizar login com sucesso">
<kw name="Abrir navegador" library="Resource" type="setup">
<kw name="Open Browser" library="SeleniumLibrary">
<doc>Opens a new browser instance to the optional ``url``.</doc>
<arguments>
<arg>about:blank</arg>
<arg>${BROWSER}</arg>
</arguments>
<msg timestamp="20210113 09:23:03.892" level="INFO">Opening browser 'firefox' to base url 'about:blank'.</msg>
<msg timestamp="20210113 09:23:03.893" level="INFO">Firefox driver log is always forced to to: C:\Users\vitor\Desktop\Teste\SuiteSiteTestePractice\geckodriver-3.log</msg>
<status status="PASS" starttime="20210113 09:23:03.891" endtime="20210113 09:23:10.269"></status>
</kw>
<status status="PASS" starttime="20210113 09:23:03.891" endtime="20210113 09:23:10.269"></status>
</kw>
<kw name="Dado que estou na página de login" library="Resource">
<kw name="Go To" library="SeleniumLibrary">
<doc>Navigates the current browser window to the provided ``url``.</doc>
<arguments>
<arg>${LOGIN_URL}</arg>
</arguments>
<msg timestamp="20210113 09:23:10.271" level="INFO">Opening url 'http://automationpractice.com/index.php?controller=authentication&amp;back=my-account'</msg>
<status status="PASS" starttime="20210113 09:23:10.270" endtime="20210113 09:23:16.368"></status>
</kw>
<kw name="Title Should Be" library="SeleniumLibrary">
<doc>Verifies that the current page title equals ``title``.</doc>
<arguments>
<arg>Login - My Store</arg>
</arguments>
<msg timestamp="20210113 09:23:16.373" level="INFO">Page title is 'Login - My Store'.</msg>
<status status="PASS" starttime="20210113 09:23:16.368" endtime="20210113 09:23:16.374"></status>
</kw>
<status status="PASS" starttime="20210113 09:23:10.270" endtime="20210113 09:23:16.374"></status>
</kw>
<kw name="Quando informo as credenciais válidas" library="Resource">
<kw name="Input Text" library="SeleniumLibrary">
<doc>Types the given ``text`` into the text field identified by ``locator``.</doc>
<arguments>
<arg>id=email</arg>
<arg>${EMAIL}</arg>
</arguments>
<msg timestamp="20210113 09:23:16.375" level="INFO">Typing text 'vitor.vieira10@hotmail.com' into text field 'id=email'.</msg>
<status status="PASS" starttime="20210113 09:23:16.375" endtime="20210113 09:23:16.436"></status>
</kw>
<kw name="Input Text" library="SeleniumLibrary">
<doc>Types the given ``text`` into the text field identified by ``locator``.</doc>
<arguments>
<arg>id=passwd</arg>
<arg>${SENHA}</arg>
</arguments>
<msg timestamp="20210113 09:23:16.436" level="INFO">Typing text 'testesenha' into text field 'id=passwd'.</msg>
<status status="PASS" starttime="20210113 09:23:16.436" endtime="20210113 09:23:16.469"></status>
</kw>
<status status="PASS" starttime="20210113 09:23:16.374" endtime="20210113 09:23:16.469"></status>
</kw>
<kw name="E clico no botão &quot;Sign in&quot;" library="Resource">
<kw name="Click Element" library="SeleniumLibrary">
<doc>Click the element identified by ``locator``.</doc>
<arguments>
<arg>css=#SubmitLogin &gt; span</arg>
</arguments>
<msg timestamp="20210113 09:23:16.470" level="INFO">Clicking element 'css=#SubmitLogin &gt; span'.</msg>
<status status="PASS" starttime="20210113 09:23:16.469" endtime="20210113 09:23:21.717"></status>
</kw>
<status status="PASS" starttime="20210113 09:23:16.469" endtime="20210113 09:23:21.717"></status>
</kw>
<kw name="Então sou redirecionado para a página &quot;My account&quot;" library="Resource">
<kw name="Title Should Be" library="SeleniumLibrary">
<doc>Verifies that the current page title equals ``title``.</doc>
<arguments>
<arg>Login - My Store</arg>
</arguments>
<msg timestamp="20210113 09:23:21.724" level="INFO">Page title is 'Login - My Store'.</msg>
<status status="PASS" starttime="20210113 09:23:21.719" endtime="20210113 09:23:21.724"></status>
</kw>
<kw name="Page Should Contain Element" library="SeleniumLibrary">
<doc>Verifies that element ``locator`` is found on the current page.</doc>
<arguments>
<arg>css=#columns &gt; div.breadcrumb.clearfix &gt; span.navigation_page</arg>
</arguments>
<msg timestamp="20210113 09:23:21.735" level="INFO">Current page contains element 'css=#columns &gt; div.breadcrumb.clearfix &gt; span.navigation_page'.</msg>
<status status="PASS" starttime="20210113 09:23:21.724" endtime="20210113 09:23:21.736"></status>
</kw>
<status status="PASS" starttime="20210113 09:23:21.718" endtime="20210113 09:23:21.736"></status>
</kw>
<kw name="Fechar navegador" library="Resource" type="teardown">
<kw name="Close Browser" library="SeleniumLibrary">
<doc>Closes the current browser.</doc>
<status status="PASS" starttime="20210113 09:23:21.738" endtime="20210113 09:23:22.503"></status>
</kw>
<status status="PASS" starttime="20210113 09:23:21.737" endtime="20210113 09:23:22.503"></status>
</kw>
<status status="PASS" starttime="20210113 09:23:03.890" endtime="20210113 09:23:22.503" critical="yes"></status>
</test>
<test id="s1-s1-t2" name="Cenário 02: Erro login invalid password">
<kw name="Abrir navegador" library="Resource" type="setup">
<kw name="Open Browser" library="SeleniumLibrary">
<doc>Opens a new browser instance to the optional ``url``.</doc>
<arguments>
<arg>about:blank</arg>
<arg>${BROWSER}</arg>
</arguments>
<msg timestamp="20210113 09:23:22.506" level="INFO">Opening browser 'firefox' to base url 'about:blank'.</msg>
<msg timestamp="20210113 09:23:22.507" level="INFO">Firefox driver log is always forced to to: C:\Users\vitor\Desktop\Teste\SuiteSiteTestePractice\geckodriver-4.log</msg>
<status status="PASS" starttime="20210113 09:23:22.506" endtime="20210113 09:23:28.353"></status>
</kw>
<status status="PASS" starttime="20210113 09:23:22.506" endtime="20210113 09:23:28.353"></status>
</kw>
<kw name="Dado que estou na página de login" library="Resource">
<kw name="Go To" library="SeleniumLibrary">
<doc>Navigates the current browser window to the provided ``url``.</doc>
<arguments>
<arg>${LOGIN_URL}</arg>
</arguments>
<msg timestamp="20210113 09:23:28.354" level="INFO">Opening url 'http://automationpractice.com/index.php?controller=authentication&amp;back=my-account'</msg>
<status status="PASS" starttime="20210113 09:23:28.354" endtime="20210113 09:23:35.893"></status>
</kw>
<kw name="Title Should Be" library="SeleniumLibrary">
<doc>Verifies that the current page title equals ``title``.</doc>
<arguments>
<arg>Login - My Store</arg>
</arguments>
<msg timestamp="20210113 09:23:35.899" level="INFO">Page title is 'Login - My Store'.</msg>
<status status="PASS" starttime="20210113 09:23:35.893" endtime="20210113 09:23:35.899"></status>
</kw>
<status status="PASS" starttime="20210113 09:23:28.354" endtime="20210113 09:23:35.899"></status>
</kw>
<kw name="Quando informo credenciais inválidas" library="Resource">
<kw name="Input Text" library="SeleniumLibrary">
<doc>Types the given ``text`` into the text field identified by ``locator``.</doc>
<arguments>
<arg>id=email</arg>
<arg>${EMAIL}</arg>
</arguments>
<msg timestamp="20210113 09:23:35.903" level="INFO">Typing text 'vitor.vieira10@hotmail.com' into text field 'id=email'.</msg>
<status status="PASS" starttime="20210113 09:23:35.902" endtime="20210113 09:23:35.960"></status>
</kw>
<kw name="Input Text" library="SeleniumLibrary">
<doc>Types the given ``text`` into the text field identified by ``locator``.</doc>
<arguments>
<arg>id=passwd</arg>
<arg>invalida</arg>
</arguments>
<msg timestamp="20210113 09:23:35.960" level="INFO">Typing text 'invalida' into text field 'id=passwd'.</msg>
<status status="PASS" starttime="20210113 09:23:35.960" endtime="20210113 09:23:35.991"></status>
</kw>
<status status="PASS" starttime="20210113 09:23:35.902" endtime="20210113 09:23:35.992"></status>
</kw>
<kw name="E clico no botão &quot;Sign in&quot;" library="Resource">
<kw name="Click Element" library="SeleniumLibrary">
<doc>Click the element identified by ``locator``.</doc>
<arguments>
<arg>css=#SubmitLogin &gt; span</arg>
</arguments>
<msg timestamp="20210113 09:23:35.993" level="INFO">Clicking element 'css=#SubmitLogin &gt; span'.</msg>
<status status="PASS" starttime="20210113 09:23:35.993" endtime="20210113 09:23:41.396"></status>
</kw>
<status status="PASS" starttime="20210113 09:23:35.992" endtime="20210113 09:23:41.396"></status>
</kw>
<kw name="Então sistema retorna mensagem de erro &quot;Authentication failed.&quot;" library="Resource">
<kw name="Sleep" library="BuiltIn">
<doc>Pauses the test executed for the given time.</doc>
<arguments>
<arg>1s</arg>
</arguments>
<msg timestamp="20210113 09:23:42.404" level="INFO">Slept 1 second</msg>
<status status="PASS" starttime="20210113 09:23:41.397" endtime="20210113 09:23:42.404"></status>
</kw>
<kw name="Element Text Should Be" library="SeleniumLibrary">
<doc>Verifies that element ``locator`` contains exact the text ``expected``.</doc>
<arguments>
<arg>css=#center_column &gt; div:nth-child(2) &gt; ol:nth-child(2) &gt; li:nth-child(1)</arg>
<arg>${ERRO_LOGIN}</arg>
</arguments>
<msg timestamp="20210113 09:23:42.405" level="INFO">Verifying element 'css=#center_column &gt; div:nth-child(2) &gt; ol:nth-child(2) &gt; li:nth-child(1)' contains exact text 'Authentication failed.'.</msg>
<status status="PASS" starttime="20210113 09:23:42.404" endtime="20210113 09:23:42.443"></status>
</kw>
<status status="PASS" starttime="20210113 09:23:41.397" endtime="20210113 09:23:42.443"></status>
</kw>
<kw name="Fechar navegador" library="Resource" type="teardown">
<kw name="Close Browser" library="SeleniumLibrary">
<doc>Closes the current browser.</doc>
<status status="PASS" starttime="20210113 09:23:42.445" endtime="20210113 09:23:43.228"></status>
</kw>
<status status="PASS" starttime="20210113 09:23:42.444" endtime="20210113 09:23:43.229"></status>
</kw>
<status status="PASS" starttime="20210113 09:23:22.505" endtime="20210113 09:23:43.229" critical="yes"></status>
</test>
<status status="PASS" starttime="20210113 09:23:03.672" endtime="20210113 09:23:43.231"></status>
</suite>
<suite id="s1-s2" name="testeProdutoBDD" source="C:\Users\vitor\Desktop\Teste\SuiteSiteTestePractice\tests\testeProdutoBDD.robot">
<test id="s1-s2-t1" name="Cenário 01: Pesquisar produto existente">
<kw name="Abrir navegador" library="Resource" type="setup">
<kw name="Open Browser" library="SeleniumLibrary">
<doc>Opens a new browser instance to the optional ``url``.</doc>
<arguments>
<arg>about:blank</arg>
<arg>${BROWSER}</arg>
</arguments>
<msg timestamp="20210113 09:23:43.240" level="INFO">Opening browser 'firefox' to base url 'about:blank'.</msg>
<msg timestamp="20210113 09:23:43.241" level="INFO">Firefox driver log is always forced to to: C:\Users\vitor\Desktop\Teste\SuiteSiteTestePractice\geckodriver-5.log</msg>
<status status="PASS" starttime="20210113 09:23:43.240" endtime="20210113 09:23:49.594"></status>
</kw>
<status status="PASS" starttime="20210113 09:23:43.239" endtime="20210113 09:23:49.594"></status>
</kw>
<kw name="Dado que estou na página home do site" library="Resource">
<kw name="Go To" library="SeleniumLibrary">
<doc>Navigates the current browser window to the provided ``url``.</doc>
<arguments>
<arg>${URL}</arg>
</arguments>
<msg timestamp="20210113 09:23:49.595" level="INFO">Opening url 'http://automationpractice.com'</msg>
<status status="PASS" starttime="20210113 09:23:49.595" endtime="20210113 09:24:00.110"></status>
</kw>
<kw name="Title Should Be" library="SeleniumLibrary">
<doc>Verifies that the current page title equals ``title``.</doc>
<arguments>
<arg>My Store</arg>
</arguments>
<msg timestamp="20210113 09:24:00.121" level="INFO">Page title is 'My Store'.</msg>
<status status="PASS" starttime="20210113 09:24:00.111" endtime="20210113 09:24:00.122"></status>
</kw>
<status status="PASS" starttime="20210113 09:23:49.595" endtime="20210113 09:24:00.122"></status>
</kw>
<kw name="Quando eu pesquisar pelo produto &quot;T-shirts&quot;" library="Resource">
<kw name="Input Text" library="SeleniumLibrary">
<doc>Types the given ``text`` into the text field identified by ``locator``.</doc>
<arguments>
<arg>name=search_query</arg>
<arg>${PRODUTO}</arg>
</arguments>
<msg timestamp="20210113 09:24:00.123" level="INFO">Typing text 'T-shirts' into text field 'name=search_query'.</msg>
<status status="PASS" starttime="20210113 09:24:00.123" endtime="20210113 09:24:00.177"></status>
</kw>
<kw name="Click Element" library="SeleniumLibrary">
<doc>Click the element identified by ``locator``.</doc>
<arguments>
<arg>name=submit_search</arg>
</arguments>
<msg timestamp="20210113 09:24:00.177" level="INFO">Clicking element 'name=submit_search'.</msg>
<status status="PASS" starttime="20210113 09:24:00.177" endtime="20210113 09:24:05.092"></status>
</kw>
<status status="PASS" starttime="20210113 09:24:00.122" endtime="20210113 09:24:05.092"></status>
</kw>
<kw name="Então o produto &quot;T-shirts&quot; deve ser listado na página de resultado da busca" library="Resource">
<kw name="Wait Until Element Is Visible" library="SeleniumLibrary">
<doc>Waits until the element ``locator`` is visible.</doc>
<arguments>
<arg>css=#center_column &gt; h1</arg>
</arguments>
<status status="PASS" starttime="20210113 09:24:05.093" endtime="20210113 09:24:05.124"></status>
</kw>
<kw name="Title Should Be" library="SeleniumLibrary">
<doc>Verifies that the current page title equals ``title``.</doc>
<arguments>
<arg>Search - My Store</arg>
</arguments>
<msg timestamp="20210113 09:24:05.127" level="INFO">Page title is 'Search - My Store'.</msg>
<status status="PASS" starttime="20210113 09:24:05.125" endtime="20210113 09:24:05.127"></status>
</kw>
<kw name="Page Should Contain Image" library="SeleniumLibrary">
<doc>Verifies image identified by ``locator`` is found from current page.</doc>
<arguments>
<arg>xpath=//*[@id="center_column"]//*[@src='${URL}/img/p/1/1-home_default.jpg']</arg>
</arguments>
<msg timestamp="20210113 09:24:05.136" level="INFO">Current page contains image 'xpath=//*[@id="center_column"]//*[@src='http://automationpractice.com/img/p/1/1-home_default.jpg']'.</msg>
<status status="PASS" starttime="20210113 09:24:05.127" endtime="20210113 09:24:05.136"></status>
</kw>
<kw name="Page Should Contain Link" library="SeleniumLibrary">
<doc>Verifies link identified by ``locator`` is found from current page.</doc>
<arguments>
<arg>xpath=//*[@id="center_column"]//a[@class="product-name"][contains(text(),"${PRODUTO}")]</arg>
</arguments>
<msg timestamp="20210113 09:24:05.143" level="INFO">Current page contains link 'xpath=//*[@id="center_column"]//a[@class="product-name"][contains(text(),"T-shirts")]'.</msg>
<status status="PASS" starttime="20210113 09:24:05.136" endtime="20210113 09:24:05.143"></status>
</kw>
<status status="PASS" starttime="20210113 09:24:05.092" endtime="20210113 09:24:05.143"></status>
</kw>
<kw name="Fechar navegador" library="Resource" type="teardown">
<kw name="Close Browser" library="SeleniumLibrary">
<doc>Closes the current browser.</doc>
<status status="PASS" starttime="20210113 09:24:05.145" endtime="20210113 09:24:05.945"></status>
</kw>
<status status="PASS" starttime="20210113 09:24:05.144" endtime="20210113 09:24:05.945"></status>
</kw>
<status status="PASS" starttime="20210113 09:23:43.239" endtime="20210113 09:24:05.946" critical="yes"></status>
</test>
<test id="s1-s2-t2" name="Cenário 02: Pesquisar produto não existente">
<kw name="Abrir navegador" library="Resource" type="setup">
<kw name="Open Browser" library="SeleniumLibrary">
<doc>Opens a new browser instance to the optional ``url``.</doc>
<arguments>
<arg>about:blank</arg>
<arg>${BROWSER}</arg>
</arguments>
<msg timestamp="20210113 09:24:05.948" level="INFO">Opening browser 'firefox' to base url 'about:blank'.</msg>
<msg timestamp="20210113 09:24:05.949" level="INFO">Firefox driver log is always forced to to: C:\Users\vitor\Desktop\Teste\SuiteSiteTestePractice\geckodriver-6.log